ncvhdl: 08.20-s012: (c) Copyright 1995-2009 Cadence Design Systems, Inc.
TOOL:	ncvhdl	08.20-s012: Started on Sep 08, 2014 at 13:44:11 CEST
ncvhdl
    -messages
    -linedebug
    -v93
    const.vhd
    dec.vhd
    enc.vhd
    bchio.vhd
    BCH_TB.vhd
    sim.vhd

const.vhd:
	errors: 0, warnings: 0
dec.vhd:
	errors: 0, warnings: 0
enc.vhd:
	errors: 0, warnings: 0
bchio.vhd:
	errors: 0, warnings: 0
BCH_TB.vhd:
	errors: 0, warnings: 0
sim.vhd:
	errors: 0, warnings: 0
WORKLIB.CONST (package):
	streams: 1, words: 6
WORKLIB.DCOUNT (entity):
	streams: 6, words: 68
WORKLIB.DCOUNT:DCOUNTA (architecture):
	streams: 1, words: 246
WORKLIB.DSYN1 (entity):
	streams: 6, words: 236
WORKLIB.DSYN1:DSYN1A (architecture):
	streams: 1, words: 246
WORKLIB.DCH1 (entity):
	streams: 7, words: 410
WORKLIB.DCH1:DCH1A (architecture):
	streams: 1, words: 393
WORKLIB.DBUF (entity):
	streams: 6, words: 68
WORKLIB.DBUF:DBUFA (architecture):
	streams: 2, words: 1780
WORKLIB.DEC (entity):
	streams: 6, words: 68
WORKLIB.DEC:DECA (architecture):
	streams: 6, words: 2324
WORKLIB.ERING (entity):
	streams: 5, words: 62
WORKLIB.ERING:ERINGA (architecture):
	streams: 1, words: 393
WORKLIB.ECOUNT (entity):
	streams: 4, words: 56
WORKLIB.ECOUNT:ECOUNTA (architecture):
	streams: 1, words: 246
WORKLIB.ENC (entity):
	streams: 6, words: 68
WORKLIB.ENC:ENCA (architecture):
	streams: 3, words: 241
WORKLIB.IOENC (entity):
	streams: 6, words: 68
WORKLIB.IOENC:IOENCA (architecture):
	streams: 2, words: 594
WORKLIB.IODEC (entity):
	streams: 6, words: 68
WORKLIB.IODEC:IODECA (architecture):
	streams: 2, words: 594
WORKLIB.BCH_TB (entity):
	streams: 1, words: 38
WORKLIB.BCH_TB:TESTBENCH (architecture):
	streams: 8, words: 8384
WORKLIB.ENCBUF (entity):
	streams: 6, words: 286
WORKLIB.ENCBUF:ENCBUFA (architecture):
	streams: 1, words: 296
WORKLIB.ERRBUF (entity):
	streams: 6, words: 296
WORKLIB.ERRBUF:ERRBUFA (architecture):
	streams: 1, words: 306
WORKLIB.COMBUF (entity):
	streams: 4, words: 56
WORKLIB.COMBUF:COMBUFA (architecture):
	streams: 1, words: 316
WORKLIB.DECBUF (entity):
	streams: 6, words: 286
WORKLIB.DECBUF:DECBUFA (architecture):
	streams: 1, words: 296
WORKLIB.SIM (entity):
	streams: 13, words: 774
WORKLIB.SIM:SIMA (architecture):
	streams: 7, words: 1673
TOOL:	ncvhdl	08.20-s012: Exiting on Sep 08, 2014 at 13:44:12 CEST  (total: 00:00:01)
