ncsim: 08.20-s012: (c) Copyright 1995-2009 Cadence Design Systems, Inc.
ncsim> run
ASSERT/WARNING (time 0 FS) from process :$PROCESS_003 (architecture WORKLIB.BCH_TB:Testbench)
0 % complete
ASSERT/WARNING (time 2046034 NS) from process :$PROCESS_003 (architecture WORKLIB.BCH_TB:Testbench)
1 % complete
ASSERT/WARNING (time 4092034 NS) from process :$PROCESS_003 (architecture WORKLIB.BCH_TB:Testbench)
2 % complete
ASSERT/WARNING (time 6138034 NS) from process :$PROCESS_003 (architecture WORKLIB.BCH_TB:Testbench)
3 % complete
ASSERT/WARNING (time 8184034 NS) from process :$PROCESS_003 (architecture WORKLIB.BCH_TB:Testbench)
4 % complete
ASSERT/WARNING (time 10230034 NS) from process :$PROCESS_003 (architecture WORKLIB.BCH_TB:Testbench)
5 % complete
ASSERT/WARNING (time 12276034 NS) from process :$PROCESS_003 (architecture WORKLIB.BCH_TB:Testbench)
6 % complete
ASSERT/WARNING (time 14322034 NS) from process :$PROCESS_003 (architecture WORKLIB.BCH_TB:Testbench)
7 % complete
ASSERT/WARNING (time 16368034 NS) from process :$PROCESS_003 (architecture WORKLIB.BCH_TB:Testbench)
8 % complete
ASSERT/WARNING (time 18414034 NS) from process :$PROCESS_003 (architecture WORKLIB.BCH_TB:Testbench)
9 % complete
ASSERT/WARNING (time 20460034 NS) from process :$PROCESS_003 (architecture WORKLIB.BCH_TB:Testbench)
10 % complete
ASSERT/WARNING (time 22506034 NS) from process :$PROCESS_003 (architecture WORKLIB.BCH_TB:Testbench)
11 % complete
ASSERT/WARNING (time 24552034 NS) from process :$PROCESS_003 (architecture WORKLIB.BCH_TB:Testbench)
12 % complete
ASSERT/WARNING (time 26598034 NS) from process :$PROCESS_003 (architecture WORKLIB.BCH_TB:Testbench)
13 % complete
ASSERT/WARNING (time 28644034 NS) from process :$PROCESS_003 (architecture WORKLIB.BCH_TB:Testbench)
14 % complete
ASSERT/WARNING (time 30690034 NS) from process :$PROCESS_003 (architecture WORKLIB.BCH_TB:Testbench)
15 % complete
ASSERT/WARNING (time 32736034 NS) from process :$PROCESS_003 (architecture WORKLIB.BCH_TB:Testbench)
16 % complete
ASSERT/WARNING (time 34782034 NS) from process :$PROCESS_003 (architecture WORKLIB.BCH_TB:Testbench)
17 % complete
ASSERT/WARNING (time 36828034 NS) from process :$PROCESS_003 (architecture WORKLIB.BCH_TB:Testbench)
18 % complete
ASSERT/WARNING (time 38874034 NS) from process :$PROCESS_003 (architecture WORKLIB.BCH_TB:Testbench)
19 % complete
ASSERT/WARNING (time 40920034 NS) from process :$PROCESS_003 (architecture WORKLIB.BCH_TB:Testbench)
20 % complete
ASSERT/WARNING (time 42966034 NS) from process :$PROCESS_003 (architecture WORKLIB.BCH_TB:Testbench)
21 % complete
ASSERT/WARNING (time 45012034 NS) from process :$PROCESS_003 (architecture WORKLIB.BCH_TB:Testbench)
22 % complete
ASSERT/WARNING (time 47058034 NS) from process :$PROCESS_003 (architecture WORKLIB.BCH_TB:Testbench)
23 % complete
ASSERT/WARNING (time 49104034 NS) from process :$PROCESS_003 (architecture WORKLIB.BCH_TB:Testbench)
24 % complete
ASSERT/WARNING (time 51150034 NS) from process :$PROCESS_003 (architecture WORKLIB.BCH_TB:Testbench)
25 % complete
ASSERT/WARNING (time 53196034 NS) from process :$PROCESS_003 (architecture WORKLIB.BCH_TB:Testbench)
26 % complete
ASSERT/WARNING (time 55242034 NS) from process :$PROCESS_003 (architecture WORKLIB.BCH_TB:Testbench)
27 % complete
ASSERT/WARNING (time 57288034 NS) from process :$PROCESS_003 (architecture WORKLIB.BCH_TB:Testbench)
28 % complete
ASSERT/WARNING (time 59334034 NS) from process :$PROCESS_003 (architecture WORKLIB.BCH_TB:Testbench)
29 % complete
ASSERT/WARNING (time 61380034 NS) from process :$PROCESS_003 (architecture WORKLIB.BCH_TB:Testbench)
30 % complete
ASSERT/WARNING (time 63426034 NS) from process :$PROCESS_003 (architecture WORKLIB.BCH_TB:Testbench)
31 % complete
ASSERT/WARNING (time 65472034 NS) from process :$PROCESS_003 (architecture WORKLIB.BCH_TB:Testbench)
32 % complete
ASSERT/WARNING (time 67518034 NS) from process :$PROCESS_003 (architecture WORKLIB.BCH_TB:Testbench)
33 % complete
ASSERT/WARNING (time 69564034 NS) from process :$PROCESS_003 (architecture WORKLIB.BCH_TB:Testbench)
34 % complete
ASSERT/WARNING (time 71610034 NS) from process :$PROCESS_003 (architecture WORKLIB.BCH_TB:Testbench)
35 % complete
ASSERT/WARNING (time 73656034 NS) from process :$PROCESS_003 (architecture WORKLIB.BCH_TB:Testbench)
36 % complete
ASSERT/WARNING (time 75702034 NS) from process :$PROCESS_003 (architecture WORKLIB.BCH_TB:Testbench)
37 % complete
ASSERT/WARNING (time 77748034 NS) from process :$PROCESS_003 (architecture WORKLIB.BCH_TB:Testbench)
38 % complete
ASSERT/WARNING (time 79794034 NS) from process :$PROCESS_003 (architecture WORKLIB.BCH_TB:Testbench)
39 % complete
ASSERT/WARNING (time 81840034 NS) from process :$PROCESS_003 (architecture WORKLIB.BCH_TB:Testbench)
40 % complete
ASSERT/WARNING (time 83886034 NS) from process :$PROCESS_003 (architecture WORKLIB.BCH_TB:Testbench)
41 % complete
ASSERT/WARNING (time 85932034 NS) from process :$PROCESS_003 (architecture WORKLIB.BCH_TB:Testbench)
42 % complete
ASSERT/WARNING (time 87978034 NS) from process :$PROCESS_003 (architecture WORKLIB.BCH_TB:Testbench)
43 % complete
ASSERT/WARNING (time 90024034 NS) from process :$PROCESS_003 (architecture WORKLIB.BCH_TB:Testbench)
44 % complete
ASSERT/WARNING (time 92070034 NS) from process :$PROCESS_003 (architecture WORKLIB.BCH_TB:Testbench)
45 % complete
ASSERT/WARNING (time 94116034 NS) from process :$PROCESS_003 (architecture WORKLIB.BCH_TB:Testbench)
46 % complete
ASSERT/WARNING (time 96162034 NS) from process :$PROCESS_003 (architecture WORKLIB.BCH_TB:Testbench)
47 % complete
ASSERT/WARNING (time 98208034 NS) from process :$PROCESS_003 (architecture WORKLIB.BCH_TB:Testbench)
48 % complete
ASSERT/WARNING (time 100254034 NS) from process :$PROCESS_003 (architecture WORKLIB.BCH_TB:Testbench)
49 % complete
ASSERT/WARNING (time 102300034 NS) from process :$PROCESS_003 (architecture WORKLIB.BCH_TB:Testbench)
50 % complete
ASSERT/WARNING (time 104346034 NS) from process :$PROCESS_003 (architecture WORKLIB.BCH_TB:Testbench)
51 % complete
ASSERT/WARNING (time 106392034 NS) from process :$PROCESS_003 (architecture WORKLIB.BCH_TB:Testbench)
52 % complete
ASSERT/WARNING (time 108438034 NS) from process :$PROCESS_003 (architecture WORKLIB.BCH_TB:Testbench)
53 % complete
ASSERT/WARNING (time 110484034 NS) from process :$PROCESS_003 (architecture WORKLIB.BCH_TB:Testbench)
54 % complete
ASSERT/WARNING (time 112530034 NS) from process :$PROCESS_003 (architecture WORKLIB.BCH_TB:Testbench)
55 % complete
ASSERT/WARNING (time 114576034 NS) from process :$PROCESS_003 (architecture WORKLIB.BCH_TB:Testbench)
56 % complete
ASSERT/WARNING (time 116622034 NS) from process :$PROCESS_003 (architecture WORKLIB.BCH_TB:Testbench)
57 % complete
ASSERT/WARNING (time 118668034 NS) from process :$PROCESS_003 (architecture WORKLIB.BCH_TB:Testbench)
58 % complete
ASSERT/WARNING (time 120714034 NS) from process :$PROCESS_003 (architecture WORKLIB.BCH_TB:Testbench)
59 % complete
ASSERT/WARNING (time 122760034 NS) from process :$PROCESS_003 (architecture WORKLIB.BCH_TB:Testbench)
60 % complete
ASSERT/WARNING (time 124806034 NS) from process :$PROCESS_003 (architecture WORKLIB.BCH_TB:Testbench)
61 % complete
ASSERT/WARNING (time 126852034 NS) from process :$PROCESS_003 (architecture WORKLIB.BCH_TB:Testbench)
62 % complete
ASSERT/WARNING (time 128898034 NS) from process :$PROCESS_003 (architecture WORKLIB.BCH_TB:Testbench)
63 % complete
ASSERT/WARNING (time 130944034 NS) from process :$PROCESS_003 (architecture WORKLIB.BCH_TB:Testbench)
64 % complete
ASSERT/WARNING (time 132990034 NS) from process :$PROCESS_003 (architecture WORKLIB.BCH_TB:Testbench)
65 % complete
ASSERT/WARNING (time 135036034 NS) from process :$PROCESS_003 (architecture WORKLIB.BCH_TB:Testbench)
66 % complete
ASSERT/WARNING (time 137082034 NS) from process :$PROCESS_003 (architecture WORKLIB.BCH_TB:Testbench)
67 % complete
ASSERT/WARNING (time 139128034 NS) from process :$PROCESS_003 (architecture WORKLIB.BCH_TB:Testbench)
68 % complete
ASSERT/WARNING (time 141174034 NS) from process :$PROCESS_003 (architecture WORKLIB.BCH_TB:Testbench)
69 % complete
ASSERT/WARNING (time 143220034 NS) from process :$PROCESS_003 (architecture WORKLIB.BCH_TB:Testbench)
70 % complete
ASSERT/WARNING (time 145266034 NS) from process :$PROCESS_003 (architecture WORKLIB.BCH_TB:Testbench)
71 % complete
ASSERT/WARNING (time 147312034 NS) from process :$PROCESS_003 (architecture WORKLIB.BCH_TB:Testbench)
72 % complete
ASSERT/WARNING (time 149358034 NS) from process :$PROCESS_003 (architecture WORKLIB.BCH_TB:Testbench)
73 % complete
ASSERT/WARNING (time 151404034 NS) from process :$PROCESS_003 (architecture WORKLIB.BCH_TB:Testbench)
74 % complete
ASSERT/WARNING (time 153450034 NS) from process :$PROCESS_003 (architecture WORKLIB.BCH_TB:Testbench)
75 % complete
ASSERT/WARNING (time 155496034 NS) from process :$PROCESS_003 (architecture WORKLIB.BCH_TB:Testbench)
76 % complete
ASSERT/WARNING (time 157542034 NS) from process :$PROCESS_003 (architecture WORKLIB.BCH_TB:Testbench)
77 % complete
ASSERT/WARNING (time 159588034 NS) from process :$PROCESS_003 (architecture WORKLIB.BCH_TB:Testbench)
78 % complete
ASSERT/WARNING (time 161634034 NS) from process :$PROCESS_003 (architecture WORKLIB.BCH_TB:Testbench)
79 % complete
ASSERT/WARNING (time 163680034 NS) from process :$PROCESS_003 (architecture WORKLIB.BCH_TB:Testbench)
80 % complete
ASSERT/WARNING (time 165726034 NS) from process :$PROCESS_003 (architecture WORKLIB.BCH_TB:Testbench)
81 % complete
ASSERT/WARNING (time 167772034 NS) from process :$PROCESS_003 (architecture WORKLIB.BCH_TB:Testbench)
82 % complete
ASSERT/WARNING (time 169818034 NS) from process :$PROCESS_003 (architecture WORKLIB.BCH_TB:Testbench)
83 % complete
ASSERT/WARNING (time 171864034 NS) from process :$PROCESS_003 (architecture WORKLIB.BCH_TB:Testbench)
84 % complete
ASSERT/WARNING (time 173910034 NS) from process :$PROCESS_003 (architecture WORKLIB.BCH_TB:Testbench)
85 % complete
ASSERT/WARNING (time 175956034 NS) from process :$PROCESS_003 (architecture WORKLIB.BCH_TB:Testbench)
86 % complete
ASSERT/WARNING (time 178002034 NS) from process :$PROCESS_003 (architecture WORKLIB.BCH_TB:Testbench)
87 % complete
ASSERT/WARNING (time 180048034 NS) from process :$PROCESS_003 (architecture WORKLIB.BCH_TB:Testbench)
88 % complete
ASSERT/WARNING (time 182094034 NS) from process :$PROCESS_003 (architecture WORKLIB.BCH_TB:Testbench)
89 % complete
ASSERT/WARNING (time 184140034 NS) from process :$PROCESS_003 (architecture WORKLIB.BCH_TB:Testbench)
90 % complete
ASSERT/WARNING (time 186186034 NS) from process :$PROCESS_003 (architecture WORKLIB.BCH_TB:Testbench)
91 % complete
ASSERT/WARNING (time 188232034 NS) from process :$PROCESS_003 (architecture WORKLIB.BCH_TB:Testbench)
92 % complete
ASSERT/WARNING (time 190278034 NS) from process :$PROCESS_003 (architecture WORKLIB.BCH_TB:Testbench)
93 % complete
ASSERT/WARNING (time 192324034 NS) from process :$PROCESS_003 (architecture WORKLIB.BCH_TB:Testbench)
94 % complete
ASSERT/WARNING (time 194370034 NS) from process :$PROCESS_003 (architecture WORKLIB.BCH_TB:Testbench)
95 % complete
ASSERT/WARNING (time 196416034 NS) from process :$PROCESS_003 (architecture WORKLIB.BCH_TB:Testbench)
96 % complete
ASSERT/WARNING (time 198462034 NS) from process :$PROCESS_003 (architecture WORKLIB.BCH_TB:Testbench)
97 % complete
ASSERT/WARNING (time 200508034 NS) from process :$PROCESS_003 (architecture WORKLIB.BCH_TB:Testbench)
98 % complete
ASSERT/WARNING (time 202554034 NS) from process :$PROCESS_003 (architecture WORKLIB.BCH_TB:Testbench)
99 % complete
ASSERT/FAILURE (time 204597988 NS) from process :$PROCESS_002 (architecture WORKLIB.BCH_TB:Testbench)
simulation over
Assertion at 204597988 NS + 7
./BCH_TB.vhd:147 assert (in_counter /= 99999) report "simulation over" severity failure;	
ncsim> exit
