ncsim: 08.20-s012: (c) Copyright 1995-2009 Cadence Design Systems, Inc.
ncsim> run
ASSERT/WARNING (time 0 FS) from process :$PROCESS_003 (architecture WORKLIB.BCH_TB:Testbench)
0 % complete
ASSERT/WARNING (time 62024 NS) from process :$PROCESS_003 (architecture WORKLIB.BCH_TB:Testbench)
1 % complete
ASSERT/WARNING (time 124024 NS) from process :$PROCESS_003 (architecture WORKLIB.BCH_TB:Testbench)
2 % complete
ASSERT/WARNING (time 186024 NS) from process :$PROCESS_003 (architecture WORKLIB.BCH_TB:Testbench)
3 % complete
ASSERT/WARNING (time 248024 NS) from process :$PROCESS_003 (architecture WORKLIB.BCH_TB:Testbench)
4 % complete
ASSERT/WARNING (time 310024 NS) from process :$PROCESS_003 (architecture WORKLIB.BCH_TB:Testbench)
5 % complete
ASSERT/WARNING (time 372024 NS) from process :$PROCESS_003 (architecture WORKLIB.BCH_TB:Testbench)
6 % complete
ASSERT/WARNING (time 434024 NS) from process :$PROCESS_003 (architecture WORKLIB.BCH_TB:Testbench)
7 % complete
ASSERT/WARNING (time 496024 NS) from process :$PROCESS_003 (architecture WORKLIB.BCH_TB:Testbench)
8 % complete
ASSERT/WARNING (time 558024 NS) from process :$PROCESS_003 (architecture WORKLIB.BCH_TB:Testbench)
9 % complete
ASSERT/WARNING (time 620024 NS) from process :$PROCESS_003 (architecture WORKLIB.BCH_TB:Testbench)
10 % complete
ASSERT/WARNING (time 682024 NS) from process :$PROCESS_003 (architecture WORKLIB.BCH_TB:Testbench)
11 % complete
ASSERT/WARNING (time 744024 NS) from process :$PROCESS_003 (architecture WORKLIB.BCH_TB:Testbench)
12 % complete
ASSERT/WARNING (time 806024 NS) from process :$PROCESS_003 (architecture WORKLIB.BCH_TB:Testbench)
13 % complete
ASSERT/WARNING (time 868024 NS) from process :$PROCESS_003 (architecture WORKLIB.BCH_TB:Testbench)
14 % complete
ASSERT/WARNING (time 930024 NS) from process :$PROCESS_003 (architecture WORKLIB.BCH_TB:Testbench)
15 % complete
ASSERT/WARNING (time 992024 NS) from process :$PROCESS_003 (architecture WORKLIB.BCH_TB:Testbench)
16 % complete
ASSERT/WARNING (time 1054024 NS) from process :$PROCESS_003 (architecture WORKLIB.BCH_TB:Testbench)
17 % complete
ASSERT/WARNING (time 1116024 NS) from process :$PROCESS_003 (architecture WORKLIB.BCH_TB:Testbench)
18 % complete
ASSERT/WARNING (time 1178024 NS) from process :$PROCESS_003 (architecture WORKLIB.BCH_TB:Testbench)
19 % complete
ASSERT/WARNING (time 1240024 NS) from process :$PROCESS_003 (architecture WORKLIB.BCH_TB:Testbench)
20 % complete
ASSERT/WARNING (time 1302024 NS) from process :$PROCESS_003 (architecture WORKLIB.BCH_TB:Testbench)
21 % complete
ASSERT/WARNING (time 1364024 NS) from process :$PROCESS_003 (architecture WORKLIB.BCH_TB:Testbench)
22 % complete
ASSERT/WARNING (time 1426024 NS) from process :$PROCESS_003 (architecture WORKLIB.BCH_TB:Testbench)
23 % complete
ASSERT/WARNING (time 1488024 NS) from process :$PROCESS_003 (architecture WORKLIB.BCH_TB:Testbench)
24 % complete
ASSERT/WARNING (time 1550024 NS) from process :$PROCESS_003 (architecture WORKLIB.BCH_TB:Testbench)
25 % complete
ASSERT/WARNING (time 1612024 NS) from process :$PROCESS_003 (architecture WORKLIB.BCH_TB:Testbench)
26 % complete
ASSERT/WARNING (time 1674024 NS) from process :$PROCESS_003 (architecture WORKLIB.BCH_TB:Testbench)
27 % complete
ASSERT/WARNING (time 1736024 NS) from process :$PROCESS_003 (architecture WORKLIB.BCH_TB:Testbench)
28 % complete
ASSERT/WARNING (time 1798024 NS) from process :$PROCESS_003 (architecture WORKLIB.BCH_TB:Testbench)
29 % complete
ASSERT/WARNING (time 1860024 NS) from process :$PROCESS_003 (architecture WORKLIB.BCH_TB:Testbench)
30 % complete
ASSERT/WARNING (time 1922024 NS) from process :$PROCESS_003 (architecture WORKLIB.BCH_TB:Testbench)
31 % complete
ASSERT/WARNING (time 1984024 NS) from process :$PROCESS_003 (architecture WORKLIB.BCH_TB:Testbench)
32 % complete
ASSERT/WARNING (time 2046024 NS) from process :$PROCESS_003 (architecture WORKLIB.BCH_TB:Testbench)
33 % complete
ASSERT/WARNING (time 2108024 NS) from process :$PROCESS_003 (architecture WORKLIB.BCH_TB:Testbench)
34 % complete
ASSERT/WARNING (time 2170024 NS) from process :$PROCESS_003 (architecture WORKLIB.BCH_TB:Testbench)
35 % complete
ASSERT/WARNING (time 2232024 NS) from process :$PROCESS_003 (architecture WORKLIB.BCH_TB:Testbench)
36 % complete
ASSERT/WARNING (time 2294024 NS) from process :$PROCESS_003 (architecture WORKLIB.BCH_TB:Testbench)
37 % complete
ASSERT/WARNING (time 2356024 NS) from process :$PROCESS_003 (architecture WORKLIB.BCH_TB:Testbench)
38 % complete
ASSERT/WARNING (time 2418024 NS) from process :$PROCESS_003 (architecture WORKLIB.BCH_TB:Testbench)
39 % complete
ASSERT/WARNING (time 2480024 NS) from process :$PROCESS_003 (architecture WORKLIB.BCH_TB:Testbench)
40 % complete
ASSERT/WARNING (time 2542024 NS) from process :$PROCESS_003 (architecture WORKLIB.BCH_TB:Testbench)
41 % complete
ASSERT/WARNING (time 2604024 NS) from process :$PROCESS_003 (architecture WORKLIB.BCH_TB:Testbench)
42 % complete
ASSERT/WARNING (time 2666024 NS) from process :$PROCESS_003 (architecture WORKLIB.BCH_TB:Testbench)
43 % complete
ASSERT/WARNING (time 2728024 NS) from process :$PROCESS_003 (architecture WORKLIB.BCH_TB:Testbench)
44 % complete
ASSERT/WARNING (time 2790024 NS) from process :$PROCESS_003 (architecture WORKLIB.BCH_TB:Testbench)
45 % complete
ASSERT/WARNING (time 2852024 NS) from process :$PROCESS_003 (architecture WORKLIB.BCH_TB:Testbench)
46 % complete
ASSERT/WARNING (time 2914024 NS) from process :$PROCESS_003 (architecture WORKLIB.BCH_TB:Testbench)
47 % complete
ASSERT/WARNING (time 2976024 NS) from process :$PROCESS_003 (architecture WORKLIB.BCH_TB:Testbench)
48 % complete
ASSERT/WARNING (time 3038024 NS) from process :$PROCESS_003 (architecture WORKLIB.BCH_TB:Testbench)
49 % complete
ASSERT/WARNING (time 3100024 NS) from process :$PROCESS_003 (architecture WORKLIB.BCH_TB:Testbench)
50 % complete
ASSERT/WARNING (time 3162024 NS) from process :$PROCESS_003 (architecture WORKLIB.BCH_TB:Testbench)
51 % complete
ASSERT/WARNING (time 3224024 NS) from process :$PROCESS_003 (architecture WORKLIB.BCH_TB:Testbench)
52 % complete
ASSERT/WARNING (time 3286024 NS) from process :$PROCESS_003 (architecture WORKLIB.BCH_TB:Testbench)
53 % complete
ASSERT/WARNING (time 3348024 NS) from process :$PROCESS_003 (architecture WORKLIB.BCH_TB:Testbench)
54 % complete
ASSERT/WARNING (time 3410024 NS) from process :$PROCESS_003 (architecture WORKLIB.BCH_TB:Testbench)
55 % complete
ASSERT/WARNING (time 3472024 NS) from process :$PROCESS_003 (architecture WORKLIB.BCH_TB:Testbench)
56 % complete
ASSERT/WARNING (time 3534024 NS) from process :$PROCESS_003 (architecture WORKLIB.BCH_TB:Testbench)
57 % complete
ASSERT/WARNING (time 3596024 NS) from process :$PROCESS_003 (architecture WORKLIB.BCH_TB:Testbench)
58 % complete
ASSERT/WARNING (time 3658024 NS) from process :$PROCESS_003 (architecture WORKLIB.BCH_TB:Testbench)
59 % complete
ASSERT/WARNING (time 3720024 NS) from process :$PROCESS_003 (architecture WORKLIB.BCH_TB:Testbench)
60 % complete
ASSERT/WARNING (time 3782024 NS) from process :$PROCESS_003 (architecture WORKLIB.BCH_TB:Testbench)
61 % complete
ASSERT/WARNING (time 3844024 NS) from process :$PROCESS_003 (architecture WORKLIB.BCH_TB:Testbench)
62 % complete
ASSERT/WARNING (time 3906024 NS) from process :$PROCESS_003 (architecture WORKLIB.BCH_TB:Testbench)
63 % complete
ASSERT/WARNING (time 3968024 NS) from process :$PROCESS_003 (architecture WORKLIB.BCH_TB:Testbench)
64 % complete
ASSERT/WARNING (time 4030024 NS) from process :$PROCESS_003 (architecture WORKLIB.BCH_TB:Testbench)
65 % complete
ASSERT/WARNING (time 4092024 NS) from process :$PROCESS_003 (architecture WORKLIB.BCH_TB:Testbench)
66 % complete
ASSERT/WARNING (time 4154024 NS) from process :$PROCESS_003 (architecture WORKLIB.BCH_TB:Testbench)
67 % complete
ASSERT/WARNING (time 4216024 NS) from process :$PROCESS_003 (architecture WORKLIB.BCH_TB:Testbench)
68 % complete
ASSERT/WARNING (time 4278024 NS) from process :$PROCESS_003 (architecture WORKLIB.BCH_TB:Testbench)
69 % complete
ASSERT/WARNING (time 4340024 NS) from process :$PROCESS_003 (architecture WORKLIB.BCH_TB:Testbench)
70 % complete
ASSERT/WARNING (time 4402024 NS) from process :$PROCESS_003 (architecture WORKLIB.BCH_TB:Testbench)
71 % complete
ASSERT/WARNING (time 4464024 NS) from process :$PROCESS_003 (architecture WORKLIB.BCH_TB:Testbench)
72 % complete
ASSERT/WARNING (time 4526024 NS) from process :$PROCESS_003 (architecture WORKLIB.BCH_TB:Testbench)
73 % complete
ASSERT/WARNING (time 4588024 NS) from process :$PROCESS_003 (architecture WORKLIB.BCH_TB:Testbench)
74 % complete
ASSERT/WARNING (time 4650024 NS) from process :$PROCESS_003 (architecture WORKLIB.BCH_TB:Testbench)
75 % complete
ASSERT/WARNING (time 4712024 NS) from process :$PROCESS_003 (architecture WORKLIB.BCH_TB:Testbench)
76 % complete
ASSERT/WARNING (time 4774024 NS) from process :$PROCESS_003 (architecture WORKLIB.BCH_TB:Testbench)
77 % complete
ASSERT/WARNING (time 4836024 NS) from process :$PROCESS_003 (architecture WORKLIB.BCH_TB:Testbench)
78 % complete
ASSERT/WARNING (time 4898024 NS) from process :$PROCESS_003 (architecture WORKLIB.BCH_TB:Testbench)
79 % complete
ASSERT/WARNING (time 4960024 NS) from process :$PROCESS_003 (architecture WORKLIB.BCH_TB:Testbench)
80 % complete
ASSERT/WARNING (time 5022024 NS) from process :$PROCESS_003 (architecture WORKLIB.BCH_TB:Testbench)
81 % complete
ASSERT/WARNING (time 5084024 NS) from process :$PROCESS_003 (architecture WORKLIB.BCH_TB:Testbench)
82 % complete
ASSERT/WARNING (time 5146024 NS) from process :$PROCESS_003 (architecture WORKLIB.BCH_TB:Testbench)
83 % complete
ASSERT/WARNING (time 5208024 NS) from process :$PROCESS_003 (architecture WORKLIB.BCH_TB:Testbench)
84 % complete
ASSERT/WARNING (time 5270024 NS) from process :$PROCESS_003 (architecture WORKLIB.BCH_TB:Testbench)
85 % complete
ASSERT/WARNING (time 5332024 NS) from process :$PROCESS_003 (architecture WORKLIB.BCH_TB:Testbench)
86 % complete
ASSERT/WARNING (time 5394024 NS) from process :$PROCESS_003 (architecture WORKLIB.BCH_TB:Testbench)
87 % complete
ASSERT/WARNING (time 5456024 NS) from process :$PROCESS_003 (architecture WORKLIB.BCH_TB:Testbench)
88 % complete
ASSERT/WARNING (time 5518024 NS) from process :$PROCESS_003 (architecture WORKLIB.BCH_TB:Testbench)
89 % complete
ASSERT/WARNING (time 5580024 NS) from process :$PROCESS_003 (architecture WORKLIB.BCH_TB:Testbench)
90 % complete
ASSERT/WARNING (time 5642024 NS) from process :$PROCESS_003 (architecture WORKLIB.BCH_TB:Testbench)
91 % complete
ASSERT/WARNING (time 5704024 NS) from process :$PROCESS_003 (architecture WORKLIB.BCH_TB:Testbench)
92 % complete
ASSERT/WARNING (time 5766024 NS) from process :$PROCESS_003 (architecture WORKLIB.BCH_TB:Testbench)
93 % complete
ASSERT/WARNING (time 5828024 NS) from process :$PROCESS_003 (architecture WORKLIB.BCH_TB:Testbench)
94 % complete
ASSERT/WARNING (time 5890024 NS) from process :$PROCESS_003 (architecture WORKLIB.BCH_TB:Testbench)
95 % complete
ASSERT/WARNING (time 5952024 NS) from process :$PROCESS_003 (architecture WORKLIB.BCH_TB:Testbench)
96 % complete
ASSERT/WARNING (time 6014024 NS) from process :$PROCESS_003 (architecture WORKLIB.BCH_TB:Testbench)
97 % complete
ASSERT/WARNING (time 6076024 NS) from process :$PROCESS_003 (architecture WORKLIB.BCH_TB:Testbench)
98 % complete
ASSERT/WARNING (time 6138024 NS) from process :$PROCESS_003 (architecture WORKLIB.BCH_TB:Testbench)
99 % complete
ASSERT/FAILURE (time 6199962 NS) from process :$PROCESS_002 (architecture WORKLIB.BCH_TB:Testbench)
simulation over
Assertion at 6199962 NS + 7
./BCH_TB.vhd:147 assert (in_counter /= 99999) report "simulation over" severity failure;	
ncsim> exit
