ncvhdl: 08.20-s012: (c) Copyright 1995-2009 Cadence Design Systems, Inc.
TOOL:	ncvhdl	08.20-s012: Started on Sep 01, 2014 at 15:23:00 CEST
ncvhdl
    -messages
    -linedebug
    -v93
    const.vhd
    dec.vhd
    enc.vhd
    bchio.vhd
    BCH_TB.vhd
    sim.vhd

const.vhd:
	errors: 0, warnings: 0
dec.vhd:
		registers:for i in 0 to n generate
		                          |
ncvhdl_p: *E,EXPLOP (dec.vhd,163|28): expecting the reserved word 'LOOP' 87[8.8] 93[8.9].
		end generate;
		           |
ncvhdl_p: *E,EXPRIF (dec.vhd,169|13): expecting the reserved word 'IF' 87[8.6] 93[8.7].
		MUX : for i in 0 to n-1 generate
		                        |
ncvhdl_p: *E,EXPLOP (dec.vhd,171|26): expecting the reserved word 'LOOP' 87[8.8] 93[8.9].
			dout_buf2(i+1) <= dout_buf(i) or dout_buf2(i)
			                                              |
ncvhdl_p: *E,EXPSMI (dec.vhd,174|49): expecting a semicolon (';') 87[8.3] 93[8.4].
		end if;
		    |
ncvhdl_p: *E,MISPRO (dec.vhd,181|6): expecting the reserved word 'PROCESS' [9.2].
	end if;
	    |
ncvhdl_p: *E,EXPSMI (dec.vhd,184|5): expecting a semicolon (';') [1.2].
end process;
|
ncvhdl_p: *E,EXPACE (dec.vhd,185|0): expecting a library unit [11.1].
	SIGNAL syn1, ch1, ch_and: BIT_VECTOR(0 TO m-1);
	                                          |
ncvhdl_p: *E,IDENTU (dec.vhd,203|43): identifier (M) is not declared [10.3].
	SIGNAL syn1, ch1, ch_and: BIT_VECTOR(0 TO m-1);
	                                   |
ncvhdl_p: *E,STIUNC (dec.vhd,203|36): subtype indication must not denote an unconstrained array type [4.3.1.2].
			dout1: OUT BIT_VECTOR(0 TO m-1)); 
			                           |
ncvhdl_p: *E,IDENTU (dec.vhd,211|30): identifier (M) is not declared [10.3].
			din: BIT_VECTOR(0 TO m-1);
			                     |
ncvhdl_p: *E,IDENTU (dec.vhd,216|24): identifier (M) is not declared [10.3].
			dout: OUT BIT_VECTOR(0 TO m-1)); 
			                          |
ncvhdl_p: *E,IDENTU (dec.vhd,217|29): identifier (M) is not declared [10.3].
		PORT MAP (clk, pe, din_reset, syn1);
		                                 |
ncvhdl_p: *E,IDENTU (dec.vhd,229|35): identifier (SYN1) is not declared [10.3].
		PORT MAP (clk, pe, syn1, ch1);	
		                      |
ncvhdl_p: *E,IDENTU (dec.vhd,231|24): identifier (SYN1) is not declared [10.3].
	err<= ch_and(m-1);
	           |
ncvhdl_p: *E,IDENTU (dec.vhd,236|12): identifier (CH_AND) is not declared [10.3].
	ch_and(0)<= ch1(0);
	              |
ncvhdl_p: *E,IDENTU (dec.vhd,238|15): identifier (CH1) is not declared [10.3].
	ch_and(0)<= ch1(0);
	     |
ncvhdl_p: *E,IDENTU (dec.vhd,238|6): identifier (CH_AND) is not declared [10.3].
	FOR i IN 1 TO m-1 GENERATE
	              |
ncvhdl_p: *E,IDENTU (dec.vhd,240|15): identifier (M) is not declared [10.3].
	  ch_and(i)<= ch_and(i-1) AND NOT ch1(i);
	                   |
ncvhdl_p: *E,IDENTU (dec.vhd,241|20): identifier (CH_AND) is not declared [10.3].
	  ch_and(i)<= ch_and(i-1) AND NOT ch1(i);
	       |
ncvhdl_p: *E,IDENTU (dec.vhd,241|8): identifier (CH_AND) is not declared [10.3].
	errors: 20, warnings: 0
enc.vhd:
	errors: 0, warnings: 0
bchio.vhd:
	errors: 0, warnings: 0
BCH_TB.vhd:
	errors: 0, warnings: 0
sim.vhd:
	errors: 0, warnings: 0
TOOL:	ncvhdl	08.20-s012: Exiting on Sep 01, 2014 at 15:23:01 CEST  (total: 00:00:01)
