ncsim: 08.20-s012: (c) Copyright 1995-2009 Cadence Design Systems, Inc.
ncsim> run
ASSERT/WARNING (time 0 FS) from process :$PROCESS_003 (architecture WORKLIB.BCH_TB:Testbench)
0 % complete
ASSERT/WARNING (time 126030 NS) from process :$PROCESS_003 (architecture WORKLIB.BCH_TB:Testbench)
1 % complete
ASSERT/WARNING (time 252030 NS) from process :$PROCESS_003 (architecture WORKLIB.BCH_TB:Testbench)
2 % complete
ASSERT/WARNING (time 378030 NS) from process :$PROCESS_003 (architecture WORKLIB.BCH_TB:Testbench)
3 % complete
ASSERT/WARNING (time 504030 NS) from process :$PROCESS_003 (architecture WORKLIB.BCH_TB:Testbench)
4 % complete
ASSERT/WARNING (time 630030 NS) from process :$PROCESS_003 (architecture WORKLIB.BCH_TB:Testbench)
5 % complete
ASSERT/WARNING (time 756030 NS) from process :$PROCESS_003 (architecture WORKLIB.BCH_TB:Testbench)
6 % complete
ASSERT/WARNING (time 882030 NS) from process :$PROCESS_003 (architecture WORKLIB.BCH_TB:Testbench)
7 % complete
ASSERT/WARNING (time 1008030 NS) from process :$PROCESS_003 (architecture WORKLIB.BCH_TB:Testbench)
8 % complete
ASSERT/WARNING (time 1134030 NS) from process :$PROCESS_003 (architecture WORKLIB.BCH_TB:Testbench)
9 % complete
ASSERT/WARNING (time 1260030 NS) from process :$PROCESS_003 (architecture WORKLIB.BCH_TB:Testbench)
10 % complete
ASSERT/WARNING (time 1386030 NS) from process :$PROCESS_003 (architecture WORKLIB.BCH_TB:Testbench)
11 % complete
ASSERT/WARNING (time 1512030 NS) from process :$PROCESS_003 (architecture WORKLIB.BCH_TB:Testbench)
12 % complete
ASSERT/WARNING (time 1638030 NS) from process :$PROCESS_003 (architecture WORKLIB.BCH_TB:Testbench)
13 % complete
ASSERT/WARNING (time 1764030 NS) from process :$PROCESS_003 (architecture WORKLIB.BCH_TB:Testbench)
14 % complete
ASSERT/WARNING (time 1890030 NS) from process :$PROCESS_003 (architecture WORKLIB.BCH_TB:Testbench)
15 % complete
ASSERT/WARNING (time 2016030 NS) from process :$PROCESS_003 (architecture WORKLIB.BCH_TB:Testbench)
16 % complete
ASSERT/WARNING (time 2142030 NS) from process :$PROCESS_003 (architecture WORKLIB.BCH_TB:Testbench)
17 % complete
ASSERT/WARNING (time 2268030 NS) from process :$PROCESS_003 (architecture WORKLIB.BCH_TB:Testbench)
18 % complete
ASSERT/WARNING (time 2394030 NS) from process :$PROCESS_003 (architecture WORKLIB.BCH_TB:Testbench)
19 % complete
ASSERT/WARNING (time 2520030 NS) from process :$PROCESS_003 (architecture WORKLIB.BCH_TB:Testbench)
20 % complete
ASSERT/WARNING (time 2646030 NS) from process :$PROCESS_003 (architecture WORKLIB.BCH_TB:Testbench)
21 % complete
ASSERT/WARNING (time 2772030 NS) from process :$PROCESS_003 (architecture WORKLIB.BCH_TB:Testbench)
22 % complete
ASSERT/WARNING (time 2898030 NS) from process :$PROCESS_003 (architecture WORKLIB.BCH_TB:Testbench)
23 % complete
ASSERT/WARNING (time 3024030 NS) from process :$PROCESS_003 (architecture WORKLIB.BCH_TB:Testbench)
24 % complete
ASSERT/WARNING (time 3150030 NS) from process :$PROCESS_003 (architecture WORKLIB.BCH_TB:Testbench)
25 % complete
ASSERT/WARNING (time 3276030 NS) from process :$PROCESS_003 (architecture WORKLIB.BCH_TB:Testbench)
26 % complete
ASSERT/WARNING (time 3402030 NS) from process :$PROCESS_003 (architecture WORKLIB.BCH_TB:Testbench)
27 % complete
ASSERT/WARNING (time 3528030 NS) from process :$PROCESS_003 (architecture WORKLIB.BCH_TB:Testbench)
28 % complete
ASSERT/WARNING (time 3654030 NS) from process :$PROCESS_003 (architecture WORKLIB.BCH_TB:Testbench)
29 % complete
ASSERT/WARNING (time 3780030 NS) from process :$PROCESS_003 (architecture WORKLIB.BCH_TB:Testbench)
30 % complete
ASSERT/WARNING (time 3906030 NS) from process :$PROCESS_003 (architecture WORKLIB.BCH_TB:Testbench)
31 % complete
ASSERT/WARNING (time 4032030 NS) from process :$PROCESS_003 (architecture WORKLIB.BCH_TB:Testbench)
32 % complete
ASSERT/WARNING (time 4158030 NS) from process :$PROCESS_003 (architecture WORKLIB.BCH_TB:Testbench)
33 % complete
ASSERT/WARNING (time 4284030 NS) from process :$PROCESS_003 (architecture WORKLIB.BCH_TB:Testbench)
34 % complete
ASSERT/WARNING (time 4410030 NS) from process :$PROCESS_003 (architecture WORKLIB.BCH_TB:Testbench)
35 % complete
ASSERT/WARNING (time 4536030 NS) from process :$PROCESS_003 (architecture WORKLIB.BCH_TB:Testbench)
36 % complete
ASSERT/WARNING (time 4662030 NS) from process :$PROCESS_003 (architecture WORKLIB.BCH_TB:Testbench)
37 % complete
ASSERT/WARNING (time 4788030 NS) from process :$PROCESS_003 (architecture WORKLIB.BCH_TB:Testbench)
38 % complete
ASSERT/WARNING (time 4914030 NS) from process :$PROCESS_003 (architecture WORKLIB.BCH_TB:Testbench)
39 % complete
ASSERT/WARNING (time 5040030 NS) from process :$PROCESS_003 (architecture WORKLIB.BCH_TB:Testbench)
40 % complete
ASSERT/WARNING (time 5166030 NS) from process :$PROCESS_003 (architecture WORKLIB.BCH_TB:Testbench)
41 % complete
ASSERT/WARNING (time 5292030 NS) from process :$PROCESS_003 (architecture WORKLIB.BCH_TB:Testbench)
42 % complete
ASSERT/WARNING (time 5418030 NS) from process :$PROCESS_003 (architecture WORKLIB.BCH_TB:Testbench)
43 % complete
ASSERT/WARNING (time 5544030 NS) from process :$PROCESS_003 (architecture WORKLIB.BCH_TB:Testbench)
44 % complete
ASSERT/WARNING (time 5670030 NS) from process :$PROCESS_003 (architecture WORKLIB.BCH_TB:Testbench)
45 % complete
ASSERT/WARNING (time 5796030 NS) from process :$PROCESS_003 (architecture WORKLIB.BCH_TB:Testbench)
46 % complete
ASSERT/WARNING (time 5922030 NS) from process :$PROCESS_003 (architecture WORKLIB.BCH_TB:Testbench)
47 % complete
ASSERT/WARNING (time 6048030 NS) from process :$PROCESS_003 (architecture WORKLIB.BCH_TB:Testbench)
48 % complete
ASSERT/WARNING (time 6174030 NS) from process :$PROCESS_003 (architecture WORKLIB.BCH_TB:Testbench)
49 % complete
ASSERT/WARNING (time 6300030 NS) from process :$PROCESS_003 (architecture WORKLIB.BCH_TB:Testbench)
50 % complete
ASSERT/WARNING (time 6426030 NS) from process :$PROCESS_003 (architecture WORKLIB.BCH_TB:Testbench)
51 % complete
ASSERT/WARNING (time 6552030 NS) from process :$PROCESS_003 (architecture WORKLIB.BCH_TB:Testbench)
52 % complete
ASSERT/WARNING (time 6678030 NS) from process :$PROCESS_003 (architecture WORKLIB.BCH_TB:Testbench)
53 % complete
ASSERT/WARNING (time 6804030 NS) from process :$PROCESS_003 (architecture WORKLIB.BCH_TB:Testbench)
54 % complete
ASSERT/WARNING (time 6930030 NS) from process :$PROCESS_003 (architecture WORKLIB.BCH_TB:Testbench)
55 % complete
ASSERT/WARNING (time 7056030 NS) from process :$PROCESS_003 (architecture WORKLIB.BCH_TB:Testbench)
56 % complete
ASSERT/WARNING (time 7182030 NS) from process :$PROCESS_003 (architecture WORKLIB.BCH_TB:Testbench)
57 % complete
ASSERT/WARNING (time 7308030 NS) from process :$PROCESS_003 (architecture WORKLIB.BCH_TB:Testbench)
58 % complete
ASSERT/WARNING (time 7434030 NS) from process :$PROCESS_003 (architecture WORKLIB.BCH_TB:Testbench)
59 % complete
ASSERT/WARNING (time 7560030 NS) from process :$PROCESS_003 (architecture WORKLIB.BCH_TB:Testbench)
60 % complete
ASSERT/WARNING (time 7686030 NS) from process :$PROCESS_003 (architecture WORKLIB.BCH_TB:Testbench)
61 % complete
ASSERT/WARNING (time 7812030 NS) from process :$PROCESS_003 (architecture WORKLIB.BCH_TB:Testbench)
62 % complete
ASSERT/WARNING (time 7938030 NS) from process :$PROCESS_003 (architecture WORKLIB.BCH_TB:Testbench)
63 % complete
ASSERT/WARNING (time 8064030 NS) from process :$PROCESS_003 (architecture WORKLIB.BCH_TB:Testbench)
64 % complete
ASSERT/WARNING (time 8190030 NS) from process :$PROCESS_003 (architecture WORKLIB.BCH_TB:Testbench)
65 % complete
ASSERT/WARNING (time 8316030 NS) from process :$PROCESS_003 (architecture WORKLIB.BCH_TB:Testbench)
66 % complete
ASSERT/WARNING (time 8442030 NS) from process :$PROCESS_003 (architecture WORKLIB.BCH_TB:Testbench)
67 % complete
ASSERT/WARNING (time 8568030 NS) from process :$PROCESS_003 (architecture WORKLIB.BCH_TB:Testbench)
68 % complete
ASSERT/WARNING (time 8694030 NS) from process :$PROCESS_003 (architecture WORKLIB.BCH_TB:Testbench)
69 % complete
ASSERT/WARNING (time 8820030 NS) from process :$PROCESS_003 (architecture WORKLIB.BCH_TB:Testbench)
70 % complete
ASSERT/WARNING (time 8946030 NS) from process :$PROCESS_003 (architecture WORKLIB.BCH_TB:Testbench)
71 % complete
ASSERT/WARNING (time 9072030 NS) from process :$PROCESS_003 (architecture WORKLIB.BCH_TB:Testbench)
72 % complete
ASSERT/WARNING (time 9198030 NS) from process :$PROCESS_003 (architecture WORKLIB.BCH_TB:Testbench)
73 % complete
ASSERT/WARNING (time 9324030 NS) from process :$PROCESS_003 (architecture WORKLIB.BCH_TB:Testbench)
74 % complete
ASSERT/WARNING (time 9450030 NS) from process :$PROCESS_003 (architecture WORKLIB.BCH_TB:Testbench)
75 % complete
ASSERT/WARNING (time 9576030 NS) from process :$PROCESS_003 (architecture WORKLIB.BCH_TB:Testbench)
76 % complete
ASSERT/WARNING (time 9702030 NS) from process :$PROCESS_003 (architecture WORKLIB.BCH_TB:Testbench)
77 % complete
ASSERT/WARNING (time 9828030 NS) from process :$PROCESS_003 (architecture WORKLIB.BCH_TB:Testbench)
78 % complete
ASSERT/WARNING (time 9954030 NS) from process :$PROCESS_003 (architecture WORKLIB.BCH_TB:Testbench)
79 % complete
ASSERT/WARNING (time 10080030 NS) from process :$PROCESS_003 (architecture WORKLIB.BCH_TB:Testbench)
80 % complete
ASSERT/WARNING (time 10206030 NS) from process :$PROCESS_003 (architecture WORKLIB.BCH_TB:Testbench)
81 % complete
ASSERT/WARNING (time 10332030 NS) from process :$PROCESS_003 (architecture WORKLIB.BCH_TB:Testbench)
82 % complete
ASSERT/WARNING (time 10458030 NS) from process :$PROCESS_003 (architecture WORKLIB.BCH_TB:Testbench)
83 % complete
ASSERT/WARNING (time 10584030 NS) from process :$PROCESS_003 (architecture WORKLIB.BCH_TB:Testbench)
84 % complete
ASSERT/WARNING (time 10710030 NS) from process :$PROCESS_003 (architecture WORKLIB.BCH_TB:Testbench)
85 % complete
ASSERT/WARNING (time 10836030 NS) from process :$PROCESS_003 (architecture WORKLIB.BCH_TB:Testbench)
86 % complete
ASSERT/WARNING (time 10962030 NS) from process :$PROCESS_003 (architecture WORKLIB.BCH_TB:Testbench)
87 % complete
ASSERT/WARNING (time 11088030 NS) from process :$PROCESS_003 (architecture WORKLIB.BCH_TB:Testbench)
88 % complete
ASSERT/WARNING (time 11214030 NS) from process :$PROCESS_003 (architecture WORKLIB.BCH_TB:Testbench)
89 % complete
ASSERT/WARNING (time 11340030 NS) from process :$PROCESS_003 (architecture WORKLIB.BCH_TB:Testbench)
90 % complete
ASSERT/WARNING (time 11466030 NS) from process :$PROCESS_003 (architecture WORKLIB.BCH_TB:Testbench)
91 % complete
ASSERT/WARNING (time 11592030 NS) from process :$PROCESS_003 (architecture WORKLIB.BCH_TB:Testbench)
92 % complete
ASSERT/WARNING (time 11718030 NS) from process :$PROCESS_003 (architecture WORKLIB.BCH_TB:Testbench)
93 % complete
ASSERT/WARNING (time 11844030 NS) from process :$PROCESS_003 (architecture WORKLIB.BCH_TB:Testbench)
94 % complete
ASSERT/WARNING (time 11970030 NS) from process :$PROCESS_003 (architecture WORKLIB.BCH_TB:Testbench)
95 % complete
ASSERT/WARNING (time 12096030 NS) from process :$PROCESS_003 (architecture WORKLIB.BCH_TB:Testbench)
96 % complete
ASSERT/WARNING (time 12222030 NS) from process :$PROCESS_003 (architecture WORKLIB.BCH_TB:Testbench)
97 % complete
ASSERT/WARNING (time 12348030 NS) from process :$PROCESS_003 (architecture WORKLIB.BCH_TB:Testbench)
98 % complete
ASSERT/WARNING (time 12474030 NS) from process :$PROCESS_003 (architecture WORKLIB.BCH_TB:Testbench)
99 % complete
ASSERT/FAILURE (time 12599904 NS) from process :$PROCESS_002 (architecture WORKLIB.BCH_TB:Testbench)
simulation over
Assertion at 12599904 NS + 7
./BCH_TB.vhd:147 assert (in_counter /= 99999) report "simulation over" severity failure;	
ncsim> 
ncsim> exit
