ncvhdl: 08.20-s012: (c) Copyright 1995-2009 Cadence Design Systems, Inc.
TOOL:	ncvhdl	08.20-s012: Started on Jul 09, 2014 at 14:43:35 CEST
ncvhdl
    -messages
    -linedebug
    -v93
    const.vhd
    bchio.vhd
    BCH_TB.vhd
    dec.vhd
    enc.vhd
    sim.vhd

const.vhd:
	errors: 0, warnings: 0
bchio.vhd:
ncvhdl_p: *W,DLWNEW: Intermediate file package WORKLIB.CONST (AST)
	is newer than expected by entity WORKLIB.ENC (AST)
		actual:   Wed Jul  9 14:43:35 2014
		expected: Tue Jul  8 15:53:32 2014.
ncvhdl_p: *W,DLWNEW: Intermediate file package WORKLIB.CONST (AST)
	is newer than expected by entity WORKLIB.DEC (AST)
		actual:   Wed Jul  9 14:43:35 2014
		expected: Tue Jul  8 15:53:32 2014.
	errors: 0, warnings: 2
BCH_TB.vhd:
	errors: 0, warnings: 0
dec.vhd:
	errors: 0, warnings: 0
enc.vhd:
	errors: 0, warnings: 0
sim.vhd:
	errors: 0, warnings: 0
WORKLIB.CONST (package):
	streams: 1, words: 6
WORKLIB.IOENC (entity):
	streams: 6, words: 68
ncvhdl_cg: *W,DLWNEW: Intermediate file entity WORKLIB.ENC (AST)
	is newer than expected by architecture WORKLIB.IOENC:IOENCA (AST)
		actual:   Wed Jul  9 14:43:35 2014
		expected: Tue Jul  8 15:53:32 2014.
WORKLIB.IOENC:IOENCA (architecture):
	streams: 2, words: 714
WORKLIB.IODEC (entity):
	streams: 6, words: 68
ncvhdl_cg: *W,DLWNEW: Intermediate file entity WORKLIB.DEC (AST)
	is newer than expected by architecture WORKLIB.IODEC:IODECA (AST)
		actual:   Wed Jul  9 14:43:35 2014
		expected: Tue Jul  8 15:53:32 2014.
WORKLIB.IODEC:IODECA (architecture):
	streams: 2, words: 714
WORKLIB.BCH_TB (entity):
	streams: 1, words: 38
WORKLIB.BCH_TB:TESTBENCH (architecture):
	streams: 8, words: 8839
WORKLIB.FFCE (entity):
	streams: 5, words: 62
WORKLIB.FFCE:FFCEA (architecture):
	streams: 1, words: 99
WORKLIB.DCOUNT (entity):
	streams: 7, words: 74
WORKLIB.DCOUNT:DCOUNTA (architecture):
	streams: 1, words: 246
WORKLIB.DBUF (entity):
	streams: 6, words: 68
WORKLIB.DBUF:DBUFA (architecture):
	streams: 1, words: 396
WORKLIB.DSYN1 (entity):
	streams: 6, words: 236
WORKLIB.DSYN1:DSYN1A (architecture):
	streams: 1, words: 246
WORKLIB.DSYN3 (entity):
	streams: 6, words: 236
WORKLIB.DSYN3:DSYN3A (architecture):
	streams: 1, words: 246
WORKLIB.DPOW3 (entity):
	streams: 5, words: 398
WORKLIB.DPOW3:DPOW3A (architecture):
	streams: 1, words: 306
WORKLIB.DEQ (entity):
	streams: 6, words: 404
WORKLIB.DEQ:DEQA (architecture):
	streams: 3, words: 1740
WORKLIB.DCH1 (entity):
	streams: 9, words: 422
WORKLIB.DCH1:DCH1A (architecture):
	streams: 1, words: 393
WORKLIB.DCH3 (entity):
	streams: 9, words: 422
WORKLIB.DCH3:DCH3A (architecture):
	streams: 1, words: 393
WORKLIB.DEC (entity):
	streams: 6, words: 68
WORKLIB.DEC:DECA (architecture):
	streams: 10, words: 4363
WORKLIB.ERING (entity):
	streams: 5, words: 62
WORKLIB.ERING:ERINGA (architecture):
	streams: 1, words: 413
WORKLIB.ECOUNT (entity):
	streams: 4, words: 56
WORKLIB.ECOUNT:ECOUNTA (architecture):
	streams: 1, words: 246
WORKLIB.ENC (entity):
	streams: 6, words: 68
WORKLIB.ENC:ENCA (architecture):
	streams: 3, words: 241
WORKLIB.ENCBUF (entity):
	streams: 6, words: 346
WORKLIB.ENCBUF:ENCBUFA (architecture):
	streams: 1, words: 356
WORKLIB.ERRBUF (entity):
	streams: 6, words: 376
WORKLIB.ERRBUF:ERRBUFA (architecture):
	streams: 1, words: 386
WORKLIB.COMBUF (entity):
	streams: 4, words: 56
WORKLIB.COMBUF:COMBUFA (architecture):
	streams: 1, words: 396
WORKLIB.DECBUF (entity):
	streams: 6, words: 346
WORKLIB.DECBUF:DECBUFA (architecture):
	streams: 1, words: 356
WORKLIB.SIM (entity):
	streams: 13, words: 974
WORKLIB.SIM:SIMA (architecture):
	streams: 7, words: 2073
TOOL:	ncvhdl	08.20-s012: Exiting on Jul 09, 2014 at 14:43:36 CEST  (total: 00:00:01)
